<?xml version="1.0" encoding="UTF-8"?>
<persistence xmlns="http://xmlns.jcp.org/xml/ns/persistence" version="2.1">

  <persistence-unit name="batch" transaction-type="JTA">
    <jta-data-source>jdbc/arquillian</jta-data-source>
    <properties>
      <property name="eclipselink.ddl-generation" value="drop-and-create-tables"/>
      <property name="eclipselink.logging.level.sql" value="FINE"/>
      <property name="eclipselink.logging.parameters" value="true"/>

      <property name="eclipselink.jdbc.batch-writing" value="JDBC"/>
      <property name="eclipselink.jdbc.batch-writing.size" value="25"/>
    </properties>
  </persistence-unit>
</persistence>